app/build/intermediates/manifest_merge_blame_file/debug/processDebugMainManifest/manifest-merger-blame-debug-report.txt
1<?xml version="1.0" encoding="utf-8"?>
2<manifest xmlns:android="http://schemas.android.com/apk/res/android"
3    package="com.ilustris.sagai"
4    android:versionCode="10500"
5    android:versionName="1.5.0" >
6
7    <uses-sdk
8        android:minSdkVersion="27"
9        android:targetSdkVersion="36" />
10
11    <uses-permission android:name="android.permission.INTERNET" />
11-->src/main/AndroidManifest.xml:5:5-67
11-->src/main/AndroidManifest.xml:5:22-64
12    <uses-permission android:name="android.permission.ACCESS_NETWORK_STATE" />
12-->src/main/AndroidManifest.xml:6:5-79
12-->src/main/AndroidManifest.xml:6:22-76
13    <uses-permission android:name="android.permission.FOREGROUND_SERVICE" />
13-->src/main/AndroidManifest.xml:7:5-77
13-->src/main/AndroidManifest.xml:7:22-74
14    <uses-permission android:name="android.permission.FOREGROUND_SERVICE_MEDIA_PLAYBACK" />
14-->src/main/AndroidManifest.xml:8:5-92
14-->src/main/AndroidManifest.xml:8:22-89
15    <uses-permission android:name="android.permission.POST_NOTIFICATIONS" />
15-->src/main/AndroidManifest.xml:10:5-77
15-->src/main/AndroidManifest.xml:10:22-74
16    <uses-permission android:name="com.android.vending.BILLING" />
16-->[com.android.billingclient:billing-ktx:8.0.0] AndroidManifest.xml:9:5-67
16-->[com.android.billingclient:billing-ktx:8.0.0] AndroidManifest.xml:9:22-64
17
18    <queries>
18-->[com.android.billingclient:billing:8.0.0] AndroidManifest.xml:12:5-19:15
19        <intent>
19-->[com.android.billingclient:billing:8.0.0] AndroidManifest.xml:13:9-15:18
20            <action android:name="com.android.vending.billing.InAppBillingService.BIND" />
20-->[com.android.billingclient:billing:8.0.0] AndroidManifest.xml:14:13-91
20-->[com.android.billingclient:billing:8.0.0] AndroidManifest.xml:14:21-88
21        </intent>
22        <intent>
22-->[com.android.billingclient:billing:8.0.0] AndroidManifest.xml:16:9-18:18
23            <action android:name="com.google.android.apps.play.billingtestcompanion.BillingOverrideService.BIND" />
23-->[com.android.billingclient:billing:8.0.0] AndroidManifest.xml:17:13-116
23-->[com.android.billingclient:billing:8.0.0] AndroidManifest.xml:17:21-113
24        </intent>
25    </queries>
26
27    <uses-permission android:name="android.permission.WAKE_LOCK" />
27-->[androidx.work:work-runtime:2.10.5] AndroidManifest.xml:23:5-68
27-->[androidx.work:work-runtime:2.10.5] AndroidManifest.xml:23:22-65
28    <uses-permission android:name="android.permission.RECEIVE_BOOT_COMPLETED" />
28-->[androidx.work:work-runtime:2.10.5] AndroidManifest.xml:25:5-81
28-->[androidx.work:work-runtime:2.10.5] AndroidManifest.xml:25:22-78
29    <uses-permission android:name="com.google.android.finsky.permission.BIND_GET_INSTALL_REFERRER_SERVICE" />
29-->[com.google.android.gms:play-services-measurement:22.4.0] AndroidManifest.xml:26:5-110
29-->[com.google.android.gms:play-services-measurement:22.4.0] AndroidManifest.xml:26:22-107
30    <uses-permission android:name="com.google.android.gms.permission.AD_ID" />
30-->[com.google.android.gms:play-services-measurement-impl:22.4.0] AndroidManifest.xml:27:5-79
30-->[com.google.android.gms:play-services-measurement-impl:22.4.0] AndroidManifest.xml:27:22-76
31    <uses-permission android:name="android.permission.ACCESS_ADSERVICES_ATTRIBUTION" />
31-->[com.google.android.gms:play-services-measurement-api:22.4.0] AndroidManifest.xml:26:5-88
31-->[com.google.android.gms:play-services-measurement-api:22.4.0] AndroidManifest.xml:26:22-85
32    <uses-permission android:name="android.permission.ACCESS_ADSERVICES_AD_ID" />
32-->[com.google.android.gms:play-services-measurement-api:22.4.0] AndroidManifest.xml:27:5-82
32-->[com.google.android.gms:play-services-measurement-api:22.4.0] AndroidManifest.xml:27:22-79
33
34    <permission
34-->[androidx.core:core:1.17.0] AndroidManifest.xml:22:5-24:47
35        android:name="com.ilustris.sagai.DYNAMIC_RECEIVER_NOT_EXPORTED_PERMISSION"
35-->[androidx.core:core:1.17.0] AndroidManifest.xml:23:9-81
36        android:protectionLevel="signature" />
36-->[androidx.core:core:1.17.0] AndroidManifest.xml:24:9-44
37
38    <uses-permission android:name="com.ilustris.sagai.DYNAMIC_RECEIVER_NOT_EXPORTED_PERMISSION" />
38-->[androidx.core:core:1.17.0] AndroidManifest.xml:26:5-97
38-->[androidx.core:core:1.17.0] AndroidManifest.xml:26:22-94
39
40    <application
40-->src/main/AndroidManifest.xml:13:5-54:19
41        android:name="com.ilustris.sagai.SagaApp"
41-->src/main/AndroidManifest.xml:14:9-32
42        android:allowBackup="true"
42-->src/main/AndroidManifest.xml:15:9-35
43        android:appComponentFactory="androidx.core.app.CoreComponentFactory"
43-->[androidx.core:core:1.17.0] AndroidManifest.xml:28:18-86
44        android:dataExtractionRules="@xml/data_extraction_rules"
44-->src/main/AndroidManifest.xml:16:9-65
45        android:debuggable="true"
46        android:extractNativeLibs="false"
47        android:fullBackupContent="@xml/backup_rules"
47-->src/main/AndroidManifest.xml:17:9-54
48        android:icon="@mipmap/ic_launcher"
48-->src/main/AndroidManifest.xml:18:9-43
49        android:label="@string/app_name"
49-->src/main/AndroidManifest.xml:19:9-41
50        android:roundIcon="@mipmap/ic_launcher_round"
50-->src/main/AndroidManifest.xml:20:9-54
51        android:supportsRtl="true"
51-->src/main/AndroidManifest.xml:21:9-35
52        android:testOnly="true"
53        android:theme="@style/Theme.SagAI" >
53-->src/main/AndroidManifest.xml:22:9-43
54        <provider
54-->src/main/AndroidManifest.xml:26:9-34:20
55            android:name="androidx.core.content.FileProvider"
55-->src/main/AndroidManifest.xml:27:13-62
56            android:authorities="com.ilustris.sagai.fileprovider"
56-->src/main/AndroidManifest.xml:28:13-66
57            android:exported="false"
57-->src/main/AndroidManifest.xml:30:13-37
58            android:grantUriPermissions="true" >
58-->src/main/AndroidManifest.xml:29:13-47
59            <meta-data
59-->src/main/AndroidManifest.xml:31:13-33:51
60                android:name="android.support.FILE_PROVIDER_PATHS"
60-->src/main/AndroidManifest.xml:32:17-67
61                android:resource="@xml/filepaths" />
61-->src/main/AndroidManifest.xml:33:15-48
62        </provider>
63
64        <activity
64-->src/main/AndroidManifest.xml:36:9-46:20
65            android:name="com.ilustris.sagai.MainActivity"
65-->src/main/AndroidManifest.xml:37:13-41
66            android:exported="true"
66-->src/main/AndroidManifest.xml:38:13-36
67            android:launchMode="singleTop"
67-->src/main/AndroidManifest.xml:39:13-43
68            android:theme="@style/Theme.App.Starting"
68-->src/main/AndroidManifest.xml:41:13-54
69            android:windowSoftInputMode="adjustResize" >
69-->src/main/AndroidManifest.xml:40:13-55
70            <intent-filter>
70-->src/main/AndroidManifest.xml:42:13-45:29
71                <action android:name="android.intent.action.MAIN" />
71-->src/main/AndroidManifest.xml:43:17-69
71-->src/main/AndroidManifest.xml:43:25-66
72
73                <category android:name="android.intent.category.LAUNCHER" />
73-->src/main/AndroidManifest.xml:44:17-77
73-->src/main/AndroidManifest.xml:44:27-74
74            </intent-filter>
75        </activity>
76
77        <service
77-->src/main/AndroidManifest.xml:48:9-51:61
78            android:name="com.ilustris.sagai.core.media.MediaPlayerService"
78-->src/main/AndroidManifest.xml:49:13-58
79            android:exported="false"
79-->src/main/AndroidManifest.xml:50:13-37
80            android:foregroundServiceType="mediaPlayback" />
80-->src/main/AndroidManifest.xml:51:13-58
81
82        <meta-data
82-->[com.github.GhayasAhmad:auto-background-remover:1.0.7] AndroidManifest.xml:14:9-16:52
83            android:name="com.google.mlkit.vision.DEPENDENCIES"
83-->[com.github.GhayasAhmad:auto-background-remover:1.0.7] AndroidManifest.xml:15:13-64
84            android:value="subject_segmentation" />
84-->[com.github.GhayasAhmad:auto-background-remover:1.0.7] AndroidManifest.xml:16:13-49
85        <meta-data
85-->[com.github.GhayasAhmad:auto-background-remover:1.0.7] AndroidManifest.xml:17:9-19:41
86            android:name="com.google.mlkit.vision.segmentation.subject.SubjectSegmentationModel"
86-->[com.github.GhayasAhmad:auto-background-remover:1.0.7] AndroidManifest.xml:18:13-97
87            android:value="on_demand" />
87-->[com.github.GhayasAhmad:auto-background-remover:1.0.7] AndroidManifest.xml:19:13-38
88        <meta-data
88-->[com.github.GhayasAhmad:auto-background-remover:1.0.7] AndroidManifest.xml:20:9-22:69
89            android:name="com.google.android.gms.version"
89-->[com.github.GhayasAhmad:auto-background-remover:1.0.7] AndroidManifest.xml:21:13-58
90            android:value="@integer/google_play_services_version" />
90-->[com.github.GhayasAhmad:auto-background-remover:1.0.7] AndroidManifest.xml:22:13-66
91
92        <service
92-->[com.google.android.gms:play-services-mlkit-subject-segmentation:16.0.0-beta1] AndroidManifest.xml:8:9-14:19
93            android:name="com.google.mlkit.common.internal.MlKitComponentDiscoveryService"
93-->[com.google.android.gms:play-services-mlkit-subject-segmentation:16.0.0-beta1] AndroidManifest.xml:9:13-91
94            android:directBootAware="true"
94-->[com.google.mlkit:common:18.11.0] AndroidManifest.xml:17:13-43
95            android:exported="false" >
95-->[com.google.android.gms:play-services-mlkit-subject-segmentation:16.0.0-beta1] AndroidManifest.xml:10:13-37
96            <meta-data
96-->[com.google.android.gms:play-services-mlkit-subject-segmentation:16.0.0-beta1] AndroidManifest.xml:11:13-13:85
97                android:name="com.google.firebase.components:com.google.mlkit.vision.segmentation.subject.internal.SubjectSegmentationRegistrar"
97-->[com.google.android.gms:play-services-mlkit-subject-segmentation:16.0.0-beta1] AndroidManifest.xml:12:17-145
98                android:value="com.google.firebase.components.ComponentRegistrar" />
98-->[com.google.android.gms:play-services-mlkit-subject-segmentation:16.0.0-beta1] AndroidManifest.xml:13:17-82
99            <meta-data
99-->[com.google.android.gms:play-services-mlkit-face-detection:17.1.0] AndroidManifest.xml:12:13-14:85
100                android:name="com.google.firebase.components:com.google.mlkit.vision.face.internal.FaceRegistrar"
100-->[com.google.android.gms:play-services-mlkit-face-detection:17.1.0] AndroidManifest.xml:13:17-114
101                android:value="com.google.firebase.components.ComponentRegistrar" />
101-->[com.google.android.gms:play-services-mlkit-face-detection:17.1.0] AndroidManifest.xml:14:17-82
102            <meta-data
102-->[com.google.mlkit:vision-common:17.3.0] AndroidManifest.xml:12:13-14:85
103                android:name="com.google.firebase.components:com.google.mlkit.vision.common.internal.VisionCommonRegistrar"
103-->[com.google.mlkit:vision-common:17.3.0] AndroidManifest.xml:13:17-124
104                android:value="com.google.firebase.components.ComponentRegistrar" />
104-->[com.google.mlkit:vision-common:17.3.0] AndroidManifest.xml:14:17-82
105            <meta-data
105-->[com.google.mlkit:common:18.11.0] AndroidManifest.xml:20:13-22:85
106                android:name="com.google.firebase.components:com.google.mlkit.common.internal.CommonComponentRegistrar"
106-->[com.google.mlkit:common:18.11.0] AndroidManifest.xml:21:17-120
107                android:value="com.google.firebase.components.ComponentRegistrar" />
107-->[com.google.mlkit:common:18.11.0] AndroidManifest.xml:22:17-82
108        </service>
109
110        <provider
110-->[com.google.mlkit:common:18.11.0] AndroidManifest.xml:9:9-13:38
111            android:name="com.google.mlkit.common.internal.MlKitInitProvider"
111-->[com.google.mlkit:common:18.11.0] AndroidManifest.xml:10:13-78
112            android:authorities="com.ilustris.sagai.mlkitinitprovider"
112-->[com.google.mlkit:common:18.11.0] AndroidManifest.xml:11:13-69
113            android:exported="false"
113-->[com.google.mlkit:common:18.11.0] AndroidManifest.xml:12:13-37
114            android:initOrder="99" />
114-->[com.google.mlkit:common:18.11.0] AndroidManifest.xml:13:13-35
115
116        <meta-data
116-->[com.android.billingclient:billing:8.0.0] AndroidManifest.xml:22:9-24:37
117            android:name="com.google.android.play.billingclient.version"
117-->[com.android.billingclient:billing:8.0.0] AndroidManifest.xml:23:13-73
118            android:value="8.0.0" />
118-->[com.android.billingclient:billing:8.0.0] AndroidManifest.xml:24:13-34
119
120        <activity
120-->[com.android.billingclient:billing:8.0.0] AndroidManifest.xml:26:9-30:75
121            android:name="com.android.billingclient.api.ProxyBillingActivity"
121-->[com.android.billingclient:billing:8.0.0] AndroidManifest.xml:27:13-78
122            android:configChanges="keyboard|keyboardHidden|screenLayout|screenSize|orientation"
122-->[com.android.billingclient:billing:8.0.0] AndroidManifest.xml:28:13-96
123            android:exported="false"
123-->[com.android.billingclient:billing:8.0.0] AndroidManifest.xml:29:13-37
124            android:theme="@android:style/Theme.Translucent.NoTitleBar" />
124-->[com.android.billingclient:billing:8.0.0] AndroidManifest.xml:30:13-72
125        <activity
125-->[com.android.billingclient:billing:8.0.0] AndroidManifest.xml:31:9-35:75
126            android:name="com.android.billingclient.api.ProxyBillingActivityV2"
126-->[com.android.billingclient:billing:8.0.0] AndroidManifest.xml:32:13-80
127            android:configChanges="keyboard|keyboardHidden|screenLayout|screenSize|orientation"
127-->[com.android.billingclient:billing:8.0.0] AndroidManifest.xml:33:13-96
128            android:exported="false"
128-->[com.android.billingclient:billing:8.0.0] AndroidManifest.xml:34:13-37
129            android:theme="@android:style/Theme.Translucent.NoTitleBar" />
129-->[com.android.billingclient:billing:8.0.0] AndroidManifest.xml:35:13-72
130
131        <provider
131-->[androidx.work:work-runtime:2.10.5] AndroidManifest.xml:29:9-37:20
132            android:name="androidx.startup.InitializationProvider"
132-->[androidx.work:work-runtime:2.10.5] AndroidManifest.xml:30:13-67
133            android:authorities="com.ilustris.sagai.androidx-startup"
133-->[androidx.work:work-runtime:2.10.5] AndroidManifest.xml:31:13-68
134            android:exported="false" >
134-->[androidx.work:work-runtime:2.10.5] AndroidManifest.xml:32:13-37
135            <meta-data
135-->[androidx.work:work-runtime:2.10.5] AndroidManifest.xml:34:13-36:52
136                android:name="androidx.work.WorkManagerInitializer"
136-->[androidx.work:work-runtime:2.10.5] AndroidManifest.xml:35:17-68
137                android:value="androidx.startup" />
137-->[androidx.work:work-runtime:2.10.5] AndroidManifest.xml:36:17-49
138            <meta-data
138-->[androidx.profileinstaller:profileinstaller:1.4.1] AndroidManifest.xml:29:13-31:52
139                android:name="androidx.profileinstaller.ProfileInstallerInitializer"
139-->[androidx.profileinstaller:profileinstaller:1.4.1] AndroidManifest.xml:30:17-85
140                android:value="androidx.startup" />
140-->[androidx.profileinstaller:profileinstaller:1.4.1] AndroidManifest.xml:31:17-49
141            <meta-data
141-->[androidx.emoji2:emoji2:1.4.0] AndroidManifest.xml:29:13-31:52
142                android:name="androidx.emoji2.text.EmojiCompatInitializer"
142-->[androidx.emoji2:emoji2:1.4.0] AndroidManifest.xml:30:17-75
143                android:value="androidx.startup" />
143-->[androidx.emoji2:emoji2:1.4.0] AndroidManifest.xml:31:17-49
144            <meta-data
144-->[androidx.lifecycle:lifecycle-process:2.9.4] AndroidManifest.xml:29:13-31:52
145                android:name="androidx.lifecycle.ProcessLifecycleInitializer"
145-->[androidx.lifecycle:lifecycle-process:2.9.4] AndroidManifest.xml:30:17-78
146                android:value="androidx.startup" />
146-->[androidx.lifecycle:lifecycle-process:2.9.4] AndroidManifest.xml:31:17-49
147        </provider>
148
149        <service
149-->[androidx.work:work-runtime:2.10.5] AndroidManifest.xml:39:9-45:35
150            android:name="androidx.work.impl.background.systemalarm.SystemAlarmService"
150-->[androidx.work:work-runtime:2.10.5] AndroidManifest.xml:40:13-88
151            android:directBootAware="false"
151-->[androidx.work:work-runtime:2.10.5] AndroidManifest.xml:41:13-44
152            android:enabled="@bool/enable_system_alarm_service_default"
152-->[androidx.work:work-runtime:2.10.5] AndroidManifest.xml:42:13-72
153            android:exported="false" />
153-->[androidx.work:work-runtime:2.10.5] AndroidManifest.xml:43:13-37
154        <service
154-->[androidx.work:work-runtime:2.10.5] AndroidManifest.xml:46:9-52:35
155            android:name="androidx.work.impl.background.systemjob.SystemJobService"
155-->[androidx.work:work-runtime:2.10.5] AndroidManifest.xml:47:13-84
156            android:directBootAware="false"
156-->[androidx.work:work-runtime:2.10.5] AndroidManifest.xml:48:13-44
157            android:enabled="@bool/enable_system_job_service_default"
157-->[androidx.work:work-runtime:2.10.5] AndroidManifest.xml:49:13-70
158            android:exported="true"
158-->[androidx.work:work-runtime:2.10.5] AndroidManifest.xml:50:13-36
159            android:permission="android.permission.BIND_JOB_SERVICE" />
159-->[androidx.work:work-runtime:2.10.5] AndroidManifest.xml:51:13-69
160        <service
160-->[androidx.work:work-runtime:2.10.5] AndroidManifest.xml:53:9-59:35
161            android:name="androidx.work.impl.foreground.SystemForegroundService"
161-->[androidx.work:work-runtime:2.10.5] AndroidManifest.xml:54:13-81
162            android:directBootAware="false"
162-->[androidx.work:work-runtime:2.10.5] AndroidManifest.xml:55:13-44
163            android:enabled="@bool/enable_system_foreground_service_default"
163-->[androidx.work:work-runtime:2.10.5] AndroidManifest.xml:56:13-77
164            android:exported="false" />
164-->[androidx.work:work-runtime:2.10.5] AndroidManifest.xml:57:13-37
165
166        <receiver
166-->[androidx.work:work-runtime:2.10.5] AndroidManifest.xml:61:9-66:35
167            android:name="androidx.work.impl.utils.ForceStopRunnable$BroadcastReceiver"
167-->[androidx.work:work-runtime:2.10.5] AndroidManifest.xml:62:13-88
168            android:directBootAware="false"
168-->[androidx.work:work-runtime:2.10.5] AndroidManifest.xml:63:13-44
169            android:enabled="true"
169-->[androidx.work:work-runtime:2.10.5] AndroidManifest.xml:64:13-35
170            android:exported="false" />
170-->[androidx.work:work-runtime:2.10.5] AndroidManifest.xml:65:13-37
171        <receiver
171-->[androidx.work:work-runtime:2.10.5] AndroidManifest.xml:67:9-77:20
172            android:name="androidx.work.impl.background.systemalarm.ConstraintProxy$BatteryChargingProxy"
172-->[androidx.work:work-runtime:2.10.5] AndroidManifest.xml:68:13-106
173            android:directBootAware="false"
173-->[androidx.work:work-runtime:2.10.5] AndroidManifest.xml:69:13-44
174            android:enabled="false"
174-->[androidx.work:work-runtime:2.10.5] AndroidManifest.xml:70:13-36
175            android:exported="false" >
175-->[androidx.work:work-runtime:2.10.5] AndroidManifest.xml:71:13-37
176            <intent-filter>
176-->[androidx.work:work-runtime:2.10.5] AndroidManifest.xml:73:13-76:29
177                <action android:name="android.intent.action.ACTION_POWER_CONNECTED" />
177-->[androidx.work:work-runtime:2.10.5] AndroidManifest.xml:74:17-87
177-->[androidx.work:work-runtime:2.10.5] AndroidManifest.xml:74:25-84
178                <action android:name="android.intent.action.ACTION_POWER_DISCONNECTED" />
178-->[androidx.work:work-runtime:2.10.5] AndroidManifest.xml:75:17-90
178-->[androidx.work:work-runtime:2.10.5] AndroidManifest.xml:75:25-87
179            </intent-filter>
180        </receiver>
181        <receiver
181-->[androidx.work:work-runtime:2.10.5] AndroidManifest.xml:78:9-88:20
182            android:name="androidx.work.impl.background.systemalarm.ConstraintProxy$BatteryNotLowProxy"
182-->[androidx.work:work-runtime:2.10.5] AndroidManifest.xml:79:13-104
183            android:directBootAware="false"
183-->[androidx.work:work-runtime:2.10.5] AndroidManifest.xml:80:13-44
184            android:enabled="false"
184-->[androidx.work:work-runtime:2.10.5] AndroidManifest.xml:81:13-36
185            android:exported="false" >
185-->[androidx.work:work-runtime:2.10.5] AndroidManifest.xml:82:13-37
186            <intent-filter>
186-->[androidx.work:work-runtime:2.10.5] AndroidManifest.xml:84:13-87:29
187                <action android:name="android.intent.action.BATTERY_OKAY" />
187-->[androidx.work:work-runtime:2.10.5] AndroidManifest.xml:85:17-77
187-->[androidx.work:work-runtime:2.10.5] AndroidManifest.xml:85:25-74
188                <action android:name="android.intent.action.BATTERY_LOW" />
188-->[androidx.work:work-runtime:2.10.5] AndroidManifest.xml:86:17-76
188-->[androidx.work:work-runtime:2.10.5] AndroidManifest.xml:86:25-73
189            </intent-filter>
190        </receiver>
191        <receiver
191-->[androidx.work:work-runtime:2.10.5] AndroidManifest.xml:89:9-99:20
192            android:name="androidx.work.impl.background.systemalarm.ConstraintProxy$StorageNotLowProxy"
192-->[androidx.work:work-runtime:2.10.5] AndroidManifest.xml:90:13-104
193            android:directBootAware="false"
193-->[androidx.work:work-runtime:2.10.5] AndroidManifest.xml:91:13-44
194            android:enabled="false"
194-->[androidx.work:work-runtime:2.10.5] AndroidManifest.xml:92:13-36
195            android:exported="false" >
195-->[androidx.work:work-runtime:2.10.5] AndroidManifest.xml:93:13-37
196            <intent-filter>
196-->[androidx.work:work-runtime:2.10.5] AndroidManifest.xml:95:13-98:29
197                <action android:name="android.intent.action.DEVICE_STORAGE_LOW" />
197-->[androidx.work:work-runtime:2.10.5] AndroidManifest.xml:96:17-83
197-->[androidx.work:work-runtime:2.10.5] AndroidManifest.xml:96:25-80
198                <action android:name="android.intent.action.DEVICE_STORAGE_OK" />
198-->[androidx.work:work-runtime:2.10.5] AndroidManifest.xml:97:17-82
198-->[androidx.work:work-runtime:2.10.5] AndroidManifest.xml:97:25-79
199            </intent-filter>
200        </receiver>
201        <receiver
201-->[androidx.work:work-runtime:2.10.5] AndroidManifest.xml:100:9-109:20
202            android:name="androidx.work.impl.background.systemalarm.ConstraintProxy$NetworkStateProxy"
202-->[androidx.work:work-runtime:2.10.5] AndroidManifest.xml:101:13-103
203            android:directBootAware="false"
203-->[androidx.work:work-runtime:2.10.5] AndroidManifest.xml:102:13-44
204            android:enabled="false"
204-->[androidx.work:work-runtime:2.10.5] AndroidManifest.xml:103:13-36
205            android:exported="false" >
205-->[androidx.work:work-runtime:2.10.5] AndroidManifest.xml:104:13-37
206            <intent-filter>
206-->[androidx.work:work-runtime:2.10.5] AndroidManifest.xml:106:13-108:29
207                <action android:name="android.net.conn.CONNECTIVITY_CHANGE" />
207-->[androidx.work:work-runtime:2.10.5] AndroidManifest.xml:107:17-79
207-->[androidx.work:work-runtime:2.10.5] AndroidManifest.xml:107:25-76
208            </intent-filter>
209        </receiver>
210        <receiver
210-->[androidx.work:work-runtime:2.10.5] AndroidManifest.xml:110:9-121:20
211            android:name="androidx.work.impl.background.systemalarm.RescheduleReceiver"
211-->[androidx.work:work-runtime:2.10.5] AndroidManifest.xml:111:13-88
212            android:directBootAware="false"
212-->[androidx.work:work-runtime:2.10.5] AndroidManifest.xml:112:13-44
213            android:enabled="false"
213-->[androidx.work:work-runtime:2.10.5] AndroidManifest.xml:113:13-36
214            android:exported="false" >
214-->[androidx.work:work-runtime:2.10.5] AndroidManifest.xml:114:13-37
215            <intent-filter>
215-->[androidx.work:work-runtime:2.10.5] AndroidManifest.xml:116:13-120:29
216                <action android:name="android.intent.action.BOOT_COMPLETED" />
216-->[androidx.work:work-runtime:2.10.5] AndroidManifest.xml:117:17-79
216-->[androidx.work:work-runtime:2.10.5] AndroidManifest.xml:117:25-76
217                <action android:name="android.intent.action.TIME_SET" />
217-->[androidx.work:work-runtime:2.10.5] AndroidManifest.xml:118:17-73
217-->[androidx.work:work-runtime:2.10.5] AndroidManifest.xml:118:25-70
218                <action android:name="android.intent.action.TIMEZONE_CHANGED" />
218-->[androidx.work:work-runtime:2.10.5] AndroidManifest.xml:119:17-81
218-->[androidx.work:work-runtime:2.10.5] AndroidManifest.xml:119:25-78
219            </intent-filter>
220        </receiver>
221        <receiver
221-->[androidx.work:work-runtime:2.10.5] AndroidManifest.xml:122:9-131:20
222            android:name="androidx.work.impl.background.systemalarm.ConstraintProxyUpdateReceiver"
222-->[androidx.work:work-runtime:2.10.5] AndroidManifest.xml:123:13-99
223            android:directBootAware="false"
223-->[androidx.work:work-runtime:2.10.5] AndroidManifest.xml:124:13-44
224            android:enabled="@bool/enable_system_alarm_service_default"
224-->[androidx.work:work-runtime:2.10.5] AndroidManifest.xml:125:13-72
225            android:exported="false" >
225-->[androidx.work:work-runtime:2.10.5] AndroidManifest.xml:126:13-37
226            <intent-filter>
226-->[androidx.work:work-runtime:2.10.5] AndroidManifest.xml:128:13-130:29
227                <action android:name="androidx.work.impl.background.systemalarm.UpdateProxies" />
227-->[androidx.work:work-runtime:2.10.5] AndroidManifest.xml:129:17-98
227-->[androidx.work:work-runtime:2.10.5] AndroidManifest.xml:129:25-95
228            </intent-filter>
229        </receiver>
230        <receiver
230-->[androidx.work:work-runtime:2.10.5] AndroidManifest.xml:132:9-142:20
231            android:name="androidx.work.impl.diagnostics.DiagnosticsReceiver"
231-->[androidx.work:work-runtime:2.10.5] AndroidManifest.xml:133:13-78
232            android:directBootAware="false"
232-->[androidx.work:work-runtime:2.10.5] AndroidManifest.xml:134:13-44
233            android:enabled="true"
233-->[androidx.work:work-runtime:2.10.5] AndroidManifest.xml:135:13-35
234            android:exported="true"
234-->[androidx.work:work-runtime:2.10.5] AndroidManifest.xml:136:13-36
235            android:permission="android.permission.DUMP" >
235-->[androidx.work:work-runtime:2.10.5] AndroidManifest.xml:137:13-57
236            <intent-filter>
236-->[androidx.work:work-runtime:2.10.5] AndroidManifest.xml:139:13-141:29
237                <action android:name="androidx.work.diagnostics.REQUEST_DIAGNOSTICS" />
237-->[androidx.work:work-runtime:2.10.5] AndroidManifest.xml:140:17-88
237-->[androidx.work:work-runtime:2.10.5] AndroidManifest.xml:140:25-85
238            </intent-filter>
239        </receiver>
240
241        <service
241-->[com.google.firebase:firebase-ai:16.0.0] AndroidManifest.xml:28:9-34:19
242            android:name="com.google.firebase.components.ComponentDiscoveryService"
242-->[com.google.firebase:firebase-ai:16.0.0] AndroidManifest.xml:29:13-84
243            android:directBootAware="true"
243-->[com.google.firebase:firebase-common:21.0.0] AndroidManifest.xml:32:13-43
244            android:exported="false" >
244-->[com.google.firebase:firebase-ai:16.0.0] AndroidManifest.xml:30:13-37
245            <meta-data
245-->[com.google.firebase:firebase-ai:16.0.0] AndroidManifest.xml:31:13-33:85
246                android:name="com.google.firebase.components:com.google.firebase.ai.FirebaseAIRegistrar"
246-->[com.google.firebase:firebase-ai:16.0.0] AndroidManifest.xml:32:17-105
247                android:value="com.google.firebase.components.ComponentRegistrar" />
247-->[com.google.firebase:firebase-ai:16.0.0] AndroidManifest.xml:33:17-82
248            <meta-data
248-->[com.google.firebase:firebase-analytics-ktx:22.4.0] AndroidManifest.xml:11:13-13:85
249                android:name="com.google.firebase.components:com.google.firebase.analytics.ktx.FirebaseAnalyticsLegacyRegistrar"
249-->[com.google.firebase:firebase-analytics-ktx:22.4.0] AndroidManifest.xml:12:17-129
250                android:value="com.google.firebase.components.ComponentRegistrar" />
250-->[com.google.firebase:firebase-analytics-ktx:22.4.0] AndroidManifest.xml:13:17-82
251            <meta-data
251-->[com.google.firebase:firebase-crashlytics-ktx:19.4.3] AndroidManifest.xml:24:13-26:85
252                android:name="com.google.firebase.components:com.google.firebase.crashlytics.ktx.FirebaseCrashlyticsKtxRegistrar"
252-->[com.google.firebase:firebase-crashlytics-ktx:19.4.3] AndroidManifest.xml:25:17-130
253                android:value="com.google.firebase.components.ComponentRegistrar" />
253-->[com.google.firebase:firebase-crashlytics-ktx:19.4.3] AndroidManifest.xml:26:17-82
254            <meta-data
254-->[com.google.firebase:firebase-crashlytics:19.4.3] AndroidManifest.xml:15:13-17:85
255                android:name="com.google.firebase.components:com.google.firebase.crashlytics.FirebaseCrashlyticsKtxRegistrar"
255-->[com.google.firebase:firebase-crashlytics:19.4.3] AndroidManifest.xml:16:17-126
256                android:value="com.google.firebase.components.ComponentRegistrar" />
256-->[com.google.firebase:firebase-crashlytics:19.4.3] AndroidManifest.xml:17:17-82
257            <meta-data
257-->[com.google.firebase:firebase-crashlytics:19.4.3] AndroidManifest.xml:18:13-20:85
258                android:name="com.google.firebase.components:com.google.firebase.crashlytics.CrashlyticsRegistrar"
258-->[com.google.firebase:firebase-crashlytics:19.4.3] AndroidManifest.xml:19:17-115
259                android:value="com.google.firebase.components.ComponentRegistrar" />
259-->[com.google.firebase:firebase-crashlytics:19.4.3] AndroidManifest.xml:20:17-82